type=AVC msg=audit(1638715287.554:1286): avc:  denied  { net_admin } for  pid=10256 comm="sddm-helper" capability=12  scontext=system_u:system_r:xdm_t tcontext=system_u:system_r:xdm_t tclass=capability permissive=1
type=AVC msg=audit(1638715288.476:1305): avc:  denied  { search } for  pid=14792 comm="sddm-helper" name="sddm" dev="dm-1" ino=1714878 scontext=system_u:system_r:xdm_t tcontext=system_u:object_r:xkb_var_lib_t tclass=dir permissive=1
type=AVC msg=audit(1638715288.476:1305): avc:  denied  { getattr } for  pid=14792 comm="sddm-helper" path="/var/lib/sddm/state.conf" dev="dm-1" ino=1716281 scontext=system_u:system_r:xdm_t tcontext=system_u:object_r:xkb_var_lib_t tclass=file permissive=1
type=AVC msg=audit(1638715288.476:1306): avc:  denied  { read } for  pid=14792 comm="sddm-helper" name="state.conf" dev="dm-1" ino=1716281 scontext=system_u:system_r:xdm_t tcontext=system_u:object_r:xkb_var_lib_t tclass=file permissive=1
type=AVC msg=audit(1638715288.476:1306): avc:  denied  { open } for  pid=14792 comm="sddm-helper" path="/var/lib/sddm/state.conf" dev="dm-1" ino=1716281 scontext=system_u:system_r:xdm_t tcontext=system_u:object_r:xkb_var_lib_t tcl
type=AVC msg=audit(1638715288.480:1307): avc:  denied  { append } for  pid=14792 comm="sddm-helper" name="sddm.log" dev="dm-1" ino=1469473 scontext=system_u:system_r:xdm_t tcontext=system_u:object_r:var_log_t tclass=file permissive=1
type=AVC msg=audit(1638715288.482:1311): avc:  denied  { net_admin } for  pid=14792 comm="sddm-helper" capability=12  scontext=system_u:system_r:xdm_t tcontext=system_u:system_r:xdm_t tclass=capability permissive=1
type=AVC msg=audit(1638715288.492:1314): avc:  denied  { getattr } for  pid=14808 comm="sddm-helper" path="/var/lib/sddm/.local/share/sddm" dev="dm-1" ino=1716277 scontext=system_u:system_r:xdm_t tcontext=system_u:object_r:xkb_var_lib_t tclass=dir permissive=1
type=AVC msg=audit(1638715288.492:1315): avc:  denied  { write } for  pid=14808 comm="sddm-helper" name="xorg-session.log" dev="dm-1" ino=1716278 scontext=system_u:system_r:xdm_t tcontext=system_u:object_r:xkb_var_lib_t tclass=file permissive=1
type=AVC msg=audit(1638715288.531:1318): avc:  denied  { watch } for  pid=14808 comm="sddm-greeter" path="/usr/share/xsessions" dev="dm-1" ino=3036036 scontext=system_u:system_r:xdm_t tcontext=system_u:object_r:usr_t tclass=dir permissive=1
type=AVC msg=audit(1638715288.532:1319): avc:  denied  { search } for  pid=14808 comm="sddm-greeter" name="AccountsService" dev="dm-1" ino=1197302 scontext=system_u:system_r:xdm_t tcontext=system_u:object_r:accountsd_var_lib_t tclass=dir permissive=1
type=AVC msg=audit(1638715288.582:1323): avc:  denied  { map } for  pid=14808 comm="sddm-greeter" path="/var/lib/sddm/.cache/mesa_shader_cache/index" dev="dm-1" ino=1846780 scontext=system_u:system_r:xdm_t tcontext=system_u:object_r:xkb_var_lib_t tclass=file permissive=1
type=AVC msg=audit(1638715288.600:1324): avc:  denied  { read } for  pid=14808 comm="sddm-greeter" name="allow_execmem" dev="selinuxfs" ino=33554473 scontext=system_u:system_r:xdm_t tcontext=system_u:object_r:boolean_t tclass=file permissive=1
type=AVC msg=audit(1638715288.600:1324): avc:  denied  { open } for  pid=14808 comm="sddm-greeter" path="/sys/fs/selinux/booleans/allow_execmem" dev="selinuxfs" ino=33554473 scontext=system_u:system_r:xdm_t tcontext=system_u:object_r:boolean_t tclass=file permissive=1
type=AVC msg=audit(1638715288.608:1325): avc:  denied  { lock } for  pid=14808 comm="sddm-gr:disk$0" path="/var/lib/sddm/.cache/mesa_shader_cache/a0/d9b1df5b3182a882be2e748efc0d5f4077e30f.tmp" dev="dm-1" ino=1835939 scontext=system_u:system_r:xdm_t tcontext=system_u:object_r:xkb_var_lib_t tclass=file permissive=1
type=AVC msg=audit(1638715288.609:1326): avc:  denied  { remove_name } for  pid=14808 comm="sddm-gr:disk$0" name="d9b1df5b3182a882be2e748efc0d5f4077e30f.tmp" dev="dm-1" ino=1835939 scontext=system_u:system_r:xdm_t tcontext=system_u:object_r:xkb_var_lib_t tclass=dir permissive=1
type=AVC msg=audit(1638715288.609:1326): avc:  denied  { rename } for  pid=14808 comm="sddm-gr:disk$0" name="d9b1df5b3182a882be2e748efc0d5f4077e30f.tmp" dev="dm-1" ino=1835939 scontext=system_u:system_r:xdm_t tcontext=system_u:object_r:xkb_var_lib_t tclass=file permissive=1
type=AVC msg=audit(1638715288.632:1327): avc:  denied  { execmem } for  pid=14808 comm="sddm-greeter" scontext=system_u:system_r:xdm_t tcontext=system_u:system_r:xdm_t tclass=process permissive=1
type=AVC msg=audit(1638715288.651:1329): avc:  denied  { execmod } for  pid=14808 comm="sddm-greeter" path=2F6D656D66643A4A4954436F64653A5174516D6C202864656C6574656429 dev="tmpfs" ino=15438 scontext=system_u:system_r:xdm_t tcontext=system_u:object_r:xdm_tmpfs_t tclass=file permissive=1
type=AVC msg=audit(1638715288.651:1329): avc:  denied  { execute } for  pid=14808 comm="sddm-greeter" path=2F6D656D66643A4A4954436F64653A5174516D6C202864656C6574656429 dev="tmpfs" ino=15438 scontext=system_u:system_r:xdm_t tcontext=system_u:object_r:xdm_tmpfs_t tclass=file permissive=1
type=AVC msg=audit(1638715288.933:1330): avc:  denied  { create } for  pid=14808 comm="sddm-gr:disk$0" name="e9" scontext=system_u:system_r:xdm_t tcontext=system_u:object_r:xkb_var_lib_t tclass=dir permissive=1
type=AVC msg=audit(1638719056.695:239): avc:  denied  { net_admin } for  pid=9792 comm="sddm-helper" capability=12  scontext=system_u:system_r:xdm_t tcontext=system_u:system_r:xdm_t tclass=capability permissive=1
type=AVC msg=audit(1638719056.707:242): avc:  denied  { getattr } for  pid=9794 comm="sddm-helper" path="/var/lib/sddm/.local/share/sddm" dev="dm-1" ino=1716277 scontext=system_u:system_r:xdm_t tcontext=system_u:object_r:xkb_var_lib_t tclass=dir permissive=1
type=AVC msg=audit(1638719056.707:243): avc:  denied  { write } for  pid=9794 comm="sddm-helper" name="sddm" dev="dm-1" ino=1716277 scontext=system_u:system_r:xdm_t tcontext=system_u:object_r:xkb_var_lib_t tclass=dir permissive=1
type=AVC msg=audit(1638719056.707:243): avc:  denied  { add_name } for  pid=9794 comm="sddm-helper" name="xorg-session.log" scontext=system_u:system_r:xdm_t tcontext=system_u:object_r:xkb_var_lib_t tclass=dir permissive=1
type=AVC msg=audit(1638719056.707:243): avc:  denied  { create } for  pid=9794 comm="sddm-helper" name="xorg-session.log" scontext=system_u:system_r:xdm_t tcontext=system_u:object_r:xkb_var_lib_t tclass=file permissive=1
type=AVC msg=audit(1638719056.707:243): avc:  denied  { write } for  pid=9794 comm="sddm-helper" name="xorg-session.log" dev="dm-1" ino=1716278 scontext=system_u:system_r:xdm_t tcontext=system_u:object_r:xkb_var_lib_t tclass=file permissive=1
type=AVC msg=audit(1638719056.707:243): avc:  denied  { open } for  pid=9794 comm="sddm-helper" path="/var/lib/sddm/.local/share/sddm/xorg-session.log" dev="dm-1" ino=1716278 scontext=system_u:system_r:xdm_t tcontext=system_u:object_r:xkb_var_lib_t tclass=file permissive=1
type=AVC msg=audit(1638719056.747:244): avc:  denied  { getattr } for  pid=9794 comm="sddm-greeter" path="/var/lib/sddm/state.conf" dev="dm-1" ino=1716281 scontext=system_u:system_r:xdm_t tcontext=system_u:object_r:xkb_var_lib_t tclass=file permissive=1
type=AVC msg=audit(1638719056.747:245): avc:  denied  { read } for  pid=9794 comm="sddm-greeter" name="state.conf" dev="dm-1" ino=1716281 scontext=system_u:system_r:xdm_t tcontext=system_u:object_r:xkb_var_lib_t tclass=file permissive=1
type=AVC msg=audit(1638719056.826:248): avc:  denied  { watch } for  pid=9794 comm="sddm-greeter" path="/usr/share/xsessions" dev="dm-1" ino=3036036 scontext=system_u:system_r:xdm_t tcontext=system_u:object_r:usr_t tclass=dir permissive=1
type=AVC msg=audit(1638719056.828:249): avc:  denied  { search } for  pid=9794 comm="sddm-greeter" name="AccountsService" dev="dm-1" ino=1197302 scontext=system_u:system_r:xdm_t tcontext=system_u:object_r:accountsd_var_lib_t tclass=dir permissive=1
type=AVC msg=audit(1638719056.908:252): avc:  denied  { map } for  pid=9794 comm="sddm-greeter" path="/var/lib/sddm/.cache/mesa_shader_cache/index" dev="dm-1" ino=1846780 scontext=system_u:system_r:xdm_t tcontext=system_u:object_r:xkb_var_lib_t tclass=file permissive=1
type=AVC msg=audit(1638719056.929:253): avc:  denied  { read } for  pid=9794 comm="sddm-greeter" name="allow_execmem" dev="selinuxfs" ino=33554473 scontext=system_u:system_r:xdm_t tcontext=system_u:object_r:boolean_t tclass=file permissive=1
type=AVC msg=audit(1638719056.929:253): avc:  denied  { open } for  pid=9794 comm="sddm-greeter" path="/sys/fs/selinux/booleans/allow_execmem" dev="selinuxfs" ino=33554473 scontext=system_u:system_r:xdm_t tcontext=system_u:object_r:boolean_t tclass=file permissive=1

type=AVC msg=audit(1638719056.966:254): avc:  denied  { execmem } for  pid=9794 comm="sddm-greeter" scontext=system_u:system_r:xdm_t tcontext=system_u:system_r:xdm_t tclass=process permissive=1
type=AVC msg=audit(1638719057.018:255): avc:  denied  { execmod } for  pid=9794 comm="sddm-greeter" path=2F6D656D66643A4A4954436F64653A5174516D6C202864656C6574656429 dev="tmpfs" ino=1033 scontext=system_u:system_r:xdm_t tcontext=system_u:object_r:xdm_tmpfs_t tclass=file permissive=1
type=AVC msg=audit(1638719057.018:255): avc:  denied  { execute } for  pid=9794 comm="sddm-greeter" path=2F6D656D66643A4A4954436F64653A5174516D6C202864656C6574656429 dev="tmpfs" ino=1033 scontext=system_u:system_r:xdm_t tcontext=system_u:object_r:xdm_tmpfs_t tclass=file permissive=1
type=AVC msg=audit(1638719065.585:265): avc:  denied  { append } for  pid=9878 comm="sddm-helper" name="sddm.log" dev="dm-1" ino=1469473 scontext=system_u:system_r:xdm_t tcontext=system_u:object_r:var_log_t tclass=file permissive=1
type=AVC msg=audit(1638719065.709:269): avc:  denied  { setcap } for  pid=9878 comm="sddm-helper" scontext=system_u:system_r:xdm_t tcontext=system_u:system_r:xdm_t tclass=process permissive=1
type=AVC msg=audit(1638719065.747:272): avc:  denied  { relabelfrom } for  pid=9878 comm="sddm-helper" name="tty8" dev="devtmpfs" ino=25 scontext=system_u:system_r:xdm_t tcontext=system_u:object_r:tty_device_t tclass=chr_file permissive=1
type=AVC msg=audit(1638719065.747:272): avc:  denied  { relabelto } for  pid=9878 comm="sddm-helper" name="tty8" dev="devtmpfs" ino=25 scontext=system_u:system_r:xdm_t tcontext=staff_u:object_r:user_tty_device_t tclass=chr_file permissive=1
type=AVC msg=audit(1638719065.757:274): avc:  denied  { search } for  pid=9882 comm="sddm-helper" name=".local" dev="dm-2" ino=2367962 scontext=system_u:system_r:xdm_t tcontext=staff_u:object_r:xdg_data_t tclass=dir permissive=1
type=AVC msg=audit(1638719065.757:274): avc:  denied  { getattr } for  pid=9882 comm="sddm-helper" path="/home/pekkari/.local/share/kwalletd/kdewallet.salt" dev="dm-2" ino=2367965 scontext=system_u:system_r:xdm_t tcontext=staff_u:object_r:xdg_data_t tclass=file permissive=1
type=AVC msg=audit(1638719065.762:275): avc:  denied  { read } for  pid=9883 comm="sddm-helper" name="kdewallet.salt" dev="dm-2" ino=2367965 scontext=system_u:system_r:xdm_t tcontext=staff_u:object_r:xdg_data_t tclass=file permissive=1
type=AVC msg=audit(1638719065.762:275): avc:  denied  { open } for  pid=9883 comm="sddm-helper" path="/home/pekkari/.local/share/kwalletd/kdewallet.salt" dev="dm-2" ino=2367965 scontext=system_u:system_r:xdm_t tcontext=staff_u:object_r:xdg_data_t tclass=file permissive=1
type=AVC msg=audit(1638719065.800:276): avc:  denied  { create } for  pid=9884 comm="sddm-helper" name="kwallet5.socket" scontext=system_u:system_r:xdm_t tcontext=system_u:object_r:user_runtime_t tclass=sock_file permissive=1
type=AVC msg=audit(1638719065.806:280): avc:  denied  { getattr } for  pid=9886 comm="sddm-helper" path="/home/pekkari/.local/share/sddm" dev="dm-2" ino=2367966 scontext=system_u:system_r:xdm_t tcontext=staff_u:object_r:xdg_data_t tclass=dir permissive=1
type=AVC msg=audit(1638719065.806:281): avc:  denied  { write } for  pid=9886 comm="sddm-helper" name="sddm" dev="dm-2" ino=2367966 scontext=system_u:system_r:xdm_t tcontext=staff_u:object_r:xdg_data_t tclass=dir permissive=1
type=AVC msg=audit(1638719065.806:281): avc:  denied  { add_name } for  pid=9886 comm="sddm-helper" name="wayland-session.log" scontext=system_u:system_r:xdm_t tcontext=staff_u:object_r:xdg_data_t tclass=dir permissive=1
type=AVC msg=audit(1638719065.806:281): avc:  denied  { create } for  pid=9886 comm="sddm-helper" name="wayland-session.log" scontext=system_u:system_r:xdm_t tcontext=system_u:object_r:xdg_data_t tclass=file permissive=1
type=AVC msg=audit(1638719065.806:281): avc:  denied  { write } for  pid=9886 comm="sddm-helper" name="wayland-session.log" dev="dm-2" ino=2367967 scontext=system_u:system_r:xdm_t tcontext=staff_u:object_r:xdg_data_t tclass=file permissive=1
type=AVC msg=audit(1638719065.806:282): avc:  denied  { execute } for  pid=9886 comm="sddm-helper" name="wayland-session" dev="dm-1" ino=1713098 scontext=system_u:system_r:xdm_t tcontext=system_u:object_r:usr_t tclass=file permissive=1
type=AVC msg=audit(1638719065.806:282): avc:  denied  { entrypoint } for  pid=9886 comm="sddm-helper" path="/usr/share/sddm/scripts/wayland-session" dev="dm-1" ino=1713098 scontext=staff_u:staff_r:staff_t tcontext=system_u:object_r:usr_t tclass=file permissive=1
